<?xml version="1.0" encoding="UTF-8"?>
<!-- Generated by org.testng.reporters.JUnitReportReporter -->
<testsuite skipped="0" hostname="CDC2-D-CLPTXJ2" name="NewTest" tests="1" failures="0" timestamp="26 Nov 2019 10:48:36 GMT" time="0.006" errors="0">
  <testcase name="login" time="0.006" classname="NewTest"/>
</testsuite> <!-- NewTest -->
